<?xml version="1.0" encoding="UTF-8"?>
<testsuite xmlns:xsi="http://www.w3.org/2001/XMLSchema-instance" xsi:noNamespaceSchemaLocation="https://maven.apache.org/surefire/maven-surefire-plugin/xsd/surefire-test-report.xsd" name="com.nttdata.nttdatacenters_hibernate_t1_SLA.AppTest" time="0.074" tests="1" errors="0" skipped="0" failures="0">
  <properties>
    <property name="java.specification.version" value="17"/>
    <property name="sun.cpu.isalist" value="amd64"/>
    <property name="sun.jnu.encoding" value="Cp1252"/>
    <property name="java.class.path" value="C:\Users\Solid Lizard\OneDrive\Escritorio\Trabajo\FP DUAL\Programacion\DESARROLLO\ECLIPSE\Espacios de trabajo\ESPACIO_2\nttdatacenters-hibernate-t1-SLA\target\test-classes;C:\Users\Solid Lizard\OneDrive\Escritorio\Trabajo\FP DUAL\Programacion\DESARROLLO\ECLIPSE\Espacios de trabajo\ESPACIO_2\nttdatacenters-hibernate-t1-SLA\target\classes;C:\Users\Solid Lizard\.m2\repository\junit\junit\4.11\junit-4.11.jar;C:\Users\Solid Lizard\.m2\repository\org\hamcrest\hamcrest-core\1.3\hamcrest-core-1.3.jar;C:\Users\Solid Lizard\.m2\repository\org\apache\commons\commons-lang3\3.12.0\commons-lang3-3.12.0.jar;C:\Users\Solid Lizard\.m2\repository\org\slf4j\slf4j-api\1.6.6\slf4j-api-1.6.6.jar;C:\Users\Solid Lizard\.m2\repository\ch\qos\logback\logback-classic\1.0.7\logback-classic-1.0.7.jar;C:\Users\Solid Lizard\.m2\repository\ch\qos\logback\logback-core\1.0.7\logback-core-1.0.7.jar;C:\Users\Solid Lizard\.m2\repository\com\mysql\mysql-connector-j\8.0.31\mysql-connector-j-8.0.31.jar;C:\Users\Solid Lizard\.m2\repository\com\google\protobuf\protobuf-java\3.19.4\protobuf-java-3.19.4.jar;C:\Users\Solid Lizard\.m2\repository\org\hibernate\hibernate-core\5.5.3.Final\hibernate-core-5.5.3.Final.jar;C:\Users\Solid Lizard\.m2\repository\org\jboss\logging\jboss-logging\3.4.2.Final\jboss-logging-3.4.2.Final.jar;C:\Users\Solid Lizard\.m2\repository\javax\persistence\javax.persistence-api\2.2\javax.persistence-api-2.2.jar;C:\Users\Solid Lizard\.m2\repository\org\javassist\javassist\3.27.0-GA\javassist-3.27.0-GA.jar;C:\Users\Solid Lizard\.m2\repository\net\bytebuddy\byte-buddy\1.10.22\byte-buddy-1.10.22.jar;C:\Users\Solid Lizard\.m2\repository\antlr\antlr\2.7.7\antlr-2.7.7.jar;C:\Users\Solid Lizard\.m2\repository\org\jboss\spec\javax\transaction\jboss-transaction-api_1.2_spec\1.1.1.Final\jboss-transaction-api_1.2_spec-1.1.1.Final.jar;C:\Users\Solid Lizard\.m2\repository\org\jboss\jandex\2.2.3.Final\jandex-2.2.3.Final.jar;C:\Users\Solid Lizard\.m2\repository\com\fasterxml\classmate\1.5.1\classmate-1.5.1.jar;C:\Users\Solid Lizard\.m2\repository\javax\activation\javax.activation-api\1.2.0\javax.activation-api-1.2.0.jar;C:\Users\Solid Lizard\.m2\repository\org\hibernate\common\hibernate-commons-annotations\5.1.2.Final\hibernate-commons-annotations-5.1.2.Final.jar;C:\Users\Solid Lizard\.m2\repository\javax\xml\bind\jaxb-api\2.3.1\jaxb-api-2.3.1.jar;C:\Users\Solid Lizard\.m2\repository\org\glassfish\jaxb\jaxb-runtime\2.3.1\jaxb-runtime-2.3.1.jar;C:\Users\Solid Lizard\.m2\repository\org\glassfish\jaxb\txw2\2.3.1\txw2-2.3.1.jar;C:\Users\Solid Lizard\.m2\repository\com\sun\istack\istack-commons-runtime\3.0.7\istack-commons-runtime-3.0.7.jar;C:\Users\Solid Lizard\.m2\repository\org\jvnet\staxex\stax-ex\1.8\stax-ex-1.8.jar;C:\Users\Solid Lizard\.m2\repository\com\sun\xml\fastinfoset\FastInfoset\1.2.15\FastInfoset-1.2.15.jar;"/>
    <property name="java.vm.vendor" value="Eclipse Adoptium"/>
    <property name="sun.arch.data.model" value="64"/>
    <property name="user.variant" value=""/>
    <property name="java.vendor.url" value="https://adoptium.net/"/>
    <property name="user.timezone" value="Europe/Madrid"/>
    <property name="os.name" value="Windows 10"/>
    <property name="java.vm.specification.version" value="17"/>
    <property name="sun.java.launcher" value="SUN_STANDARD"/>
    <property name="user.country" value="ES"/>
    <property name="sun.boot.library.path" value="C:\Users\Solid Lizard\OneDrive\Escritorio\Trabajo\1ยบ Grado Superior\FP DUAL\Programacion\DESARROLLO\ECLIPSE\eclipse\plugins\org.eclipse.justj.openjdk.hotspot.jre.full.win32.x86_64_17.0.2.v20220201-1208\jre\bin"/>
    <property name="sun.java.command" value="C:\Users\SOLIDL~1\AppData\Local\Temp\surefire1716158961618793777\surefirebooter3542643331822241198.jar C:\Users\Solid Lizard\AppData\Local\Temp\surefire1716158961618793777 2022-11-10T14-20-59_787-jvmRun1 surefire9890189224023847859tmp surefire_01982674207618518967tmp"/>
    <property name="jdk.debug" value="release"/>
    <property name="surefire.test.class.path" value="C:\Users\Solid Lizard\OneDrive\Escritorio\Trabajo\FP DUAL\Programacion\DESARROLLO\ECLIPSE\Espacios de trabajo\ESPACIO_2\nttdatacenters-hibernate-t1-SLA\target\test-classes;C:\Users\Solid Lizard\OneDrive\Escritorio\Trabajo\FP DUAL\Programacion\DESARROLLO\ECLIPSE\Espacios de trabajo\ESPACIO_2\nttdatacenters-hibernate-t1-SLA\target\classes;C:\Users\Solid Lizard\.m2\repository\junit\junit\4.11\junit-4.11.jar;C:\Users\Solid Lizard\.m2\repository\org\hamcrest\hamcrest-core\1.3\hamcrest-core-1.3.jar;C:\Users\Solid Lizard\.m2\repository\org\apache\commons\commons-lang3\3.12.0\commons-lang3-3.12.0.jar;C:\Users\Solid Lizard\.m2\repository\org\slf4j\slf4j-api\1.6.6\slf4j-api-1.6.6.jar;C:\Users\Solid Lizard\.m2\repository\ch\qos\logback\logback-classic\1.0.7\logback-classic-1.0.7.jar;C:\Users\Solid Lizard\.m2\repository\ch\qos\logback\logback-core\1.0.7\logback-core-1.0.7.jar;C:\Users\Solid Lizard\.m2\repository\com\mysql\mysql-connector-j\8.0.31\mysql-connector-j-8.0.31.jar;C:\Users\Solid Lizard\.m2\repository\com\google\protobuf\protobuf-java\3.19.4\protobuf-java-3.19.4.jar;C:\Users\Solid Lizard\.m2\repository\org\hibernate\hibernate-core\5.5.3.Final\hibernate-core-5.5.3.Final.jar;C:\Users\Solid Lizard\.m2\repository\org\jboss\logging\jboss-logging\3.4.2.Final\jboss-logging-3.4.2.Final.jar;C:\Users\Solid Lizard\.m2\repository\javax\persistence\javax.persistence-api\2.2\javax.persistence-api-2.2.jar;C:\Users\Solid Lizard\.m2\repository\org\javassist\javassist\3.27.0-GA\javassist-3.27.0-GA.jar;C:\Users\Solid Lizard\.m2\repository\net\bytebuddy\byte-buddy\1.10.22\byte-buddy-1.10.22.jar;C:\Users\Solid Lizard\.m2\repository\antlr\antlr\2.7.7\antlr-2.7.7.jar;C:\Users\Solid Lizard\.m2\repository\org\jboss\spec\javax\transaction\jboss-transaction-api_1.2_spec\1.1.1.Final\jboss-transaction-api_1.2_spec-1.1.1.Final.jar;C:\Users\Solid Lizard\.m2\repository\org\jboss\jandex\2.2.3.Final\jandex-2.2.3.Final.jar;C:\Users\Solid Lizard\.m2\repository\com\fasterxml\classmate\1.5.1\classmate-1.5.1.jar;C:\Users\Solid Lizard\.m2\repository\javax\activation\javax.activation-api\1.2.0\javax.activation-api-1.2.0.jar;C:\Users\Solid Lizard\.m2\repository\org\hibernate\common\hibernate-commons-annotations\5.1.2.Final\hibernate-commons-annotations-5.1.2.Final.jar;C:\Users\Solid Lizard\.m2\repository\javax\xml\bind\jaxb-api\2.3.1\jaxb-api-2.3.1.jar;C:\Users\Solid Lizard\.m2\repository\org\glassfish\jaxb\jaxb-runtime\2.3.1\jaxb-runtime-2.3.1.jar;C:\Users\Solid Lizard\.m2\repository\org\glassfish\jaxb\txw2\2.3.1\txw2-2.3.1.jar;C:\Users\Solid Lizard\.m2\repository\com\sun\istack\istack-commons-runtime\3.0.7\istack-commons-runtime-3.0.7.jar;C:\Users\Solid Lizard\.m2\repository\org\jvnet\staxex\stax-ex\1.8\stax-ex-1.8.jar;C:\Users\Solid Lizard\.m2\repository\com\sun\xml\fastinfoset\FastInfoset\1.2.15\FastInfoset-1.2.15.jar;"/>
    <property name="sun.cpu.endian" value="little"/>
    <property name="user.home" value="C:\Users\Solid Lizard"/>
    <property name="user.language" value="es"/>
    <property name="java.specification.vendor" value="Oracle Corporation"/>
    <property name="java.version.date" value="2022-01-18"/>
    <property name="java.home" value="C:\Users\Solid Lizard\OneDrive\Escritorio\Trabajo\1ยบ Grado Superior\FP DUAL\Programacion\DESARROLLO\ECLIPSE\eclipse\plugins\org.eclipse.justj.openjdk.hotspot.jre.full.win32.x86_64_17.0.2.v20220201-1208\jre"/>
    <property name="file.separator" value="\"/>
    <property name="basedir" value="C:\Users\Solid Lizard\OneDrive\Escritorio\Trabajo\FP DUAL\Programacion\DESARROLLO\ECLIPSE\Espacios de trabajo\ESPACIO_2\nttdatacenters-hibernate-t1-SLA"/>
    <property name="java.vm.compressedOopsMode" value="Zero based"/>
    <property name="line.separator" value="&#10;"/>
    <property name="java.vm.specification.vendor" value="Oracle Corporation"/>
    <property name="java.specification.name" value="Java Platform API Specification"/>
    <property name="surefire.real.class.path" value="C:\Users\SOLIDL~1\AppData\Local\Temp\surefire1716158961618793777\surefirebooter3542643331822241198.jar"/>
    <property name="user.script" value=""/>
    <property name="sun.management.compiler" value="HotSpot 64-Bit Tiered Compilers"/>
    <property name="java.runtime.version" value="17.0.2+8"/>
    <property name="user.name" value="Solid Lizard"/>
    <property name="path.separator" value=";"/>
    <property name="os.version" value="10.0"/>
    <property name="java.runtime.name" value="OpenJDK Runtime Environment"/>
    <property name="file.encoding" value="Cp1252"/>
    <property name="java.vm.name" value="OpenJDK 64-Bit Server VM"/>
    <property name="java.vendor.version" value="Temurin-17.0.2+8"/>
    <property name="localRepository" value="C:\Users\Solid Lizard\.m2\repository"/>
    <property name="java.vendor.url.bug" value="https://github.com/adoptium/adoptium-support/issues"/>
    <property name="java.io.tmpdir" value="C:\Users\SOLIDL~1\AppData\Local\Temp\"/>
    <property name="java.version" value="17.0.2"/>
    <property name="user.dir" value="C:\Users\Solid Lizard\OneDrive\Escritorio\Trabajo\FP DUAL\Programacion\DESARROLLO\ECLIPSE\Espacios de trabajo\ESPACIO_2\nttdatacenters-hibernate-t1-SLA"/>
    <property name="os.arch" value="amd64"/>
    <property name="java.vm.specification.name" value="Java Virtual Machine Specification"/>
    <property name="sun.os.patch.level" value=""/>
    <property name="native.encoding" value="Cp1252"/>
    <property name="java.library.path" value="C:\Users\Solid Lizard\OneDrive\Escritorio\Trabajo\1ยบ Grado Superior\FP DUAL\Programacion\DESARROLLO\ECLIPSE\eclipse\plugins\org.eclipse.justj.openjdk.hotspot.jre.full.win32.x86_64_17.0.2.v20220201-1208\jre\bin;C:\windows\Sun\Java\bin;C:\windows\system32;C:\windows;C:/Users/Solid Lizard/OneDrive/Escritorio/Trabajo/1ยบ Grado Superior/FP DUAL/Programacion/DESARROLLO/ECLIPSE/eclipse//plugins/org.eclipse.justj.openjdk.hotspot.jre.full.win32.x86_64_17.0.2.v20220201-1208/jre/bin/server;C:/Users/Solid Lizard/OneDrive/Escritorio/Trabajo/1ยบ Grado Superior/FP DUAL/Programacion/DESARROLLO/ECLIPSE/eclipse//plugins/org.eclipse.justj.openjdk.hotspot.jre.full.win32.x86_64_17.0.2.v20220201-1208/jre/bin;C:\Program Files\Java\jdk1.8.0_301\bin;C:\Program Files\nodejs\;C:\Users\Solid Lizard\OneDrive\Escritorio\Trabajo\1ยบ Grado Superior\FP DUAL\Programacion\HERRAMIENTAS\APACHE\MAVEN\apache-maven-3.8.4\bin;C:\Users\Solid Lizard\AppData\Local\Programs\Python\Python310\Scripts\;C:\Users\Solid Lizard\AppData\Local\Programs\Python\Python310\;C:\Program Files\MySQL\MySQL Shell 8.0\bin\;C:\Users\Solid Lizard\AppData\Local\Microsoft\WindowsApps;search-ms:displayname=Resultados%20de%20la%20bรบsqueda%20en%20Este%20equipo&amp;crumb=location:%3A%3A{20D04FE0-3AEA-1069-A2D8-08002B30309D}\Sublime Text 3;C:\Users\Solid Lizard\.dotnet\tools;C:\Users\Solid Lizard\OneDrive\Escritorio\Trabajo\FP DUAL\Programacion\DESARROLLO\VS CODE\Microsoft VS Code\bin;C:\Program Files\Java\jdk1.8.0_301\bin;C:\Users\Solid Lizard\AppData\Roaming\npm;C:\Users\Solid Lizard\OneDrive\Escritorio\Trabajo\1ยบ Grado Superior\FP DUAL\Programacion\DESARROLLO\ECLIPSE\eclipse;;."/>
    <property name="java.vm.info" value="mixed mode"/>
    <property name="java.vendor" value="Eclipse Adoptium"/>
    <property name="java.vm.version" value="17.0.2+8"/>
    <property name="sun.io.unicode.encoding" value="UnicodeLittle"/>
    <property name="java.class.version" value="61.0"/>
  </properties>
  <testcase name="shouldAnswerWithTrue" classname="com.nttdata.nttdatacenters_hibernate_t1_SLA.AppTest" time="0.005"/>
</testsuite>